<?xml version="1.0" encoding="UTF-8"?>
<testsuite name="com.kcl.example.springboot.web.HelloControllerTest" tests="2" skipped="0" failures="0" errors="0" timestamp="2021-01-10T14:20:20" hostname="YoungWoo-MacBookPro.local" time="0.129">
  <properties/>
  <testcase name="hello가_리턴된다" classname="com.kcl.example.springboot.web.HelloControllerTest" time="0.04"/>
  <testcase name="helloDto가_리턴된다" classname="com.kcl.example.springboot.web.HelloControllerTest" time="0.088"/>
  <system-out><![CDATA[2021-01-10 23:20:19.563  INFO 76271 --- [    Test worker] .b.t.a.w.s.WebMvcTestContextBootstrapper : Neither @ContextConfiguration nor @ContextHierarchy found for test class [com.kcl.example.springboot.web.HelloControllerTest], using SpringBootContextLoader
2021-01-10 23:20:19.564  INFO 76271 --- [    Test worker] o.s.t.c.support.AbstractContextLoader    : Could not detect default resource locations for test class [com.kcl.example.springboot.web.HelloControllerTest]: no resource found for suffixes {-context.xml, Context.groovy}.
2021-01-10 23:20:19.564  INFO 76271 --- [    Test worker] t.c.s.AnnotationConfigContextLoaderUtils : Could not detect default configuration classes for test class [com.kcl.example.springboot.web.HelloControllerTest]: HelloControllerTest does not declare any static, non-private, non-final, nested classes annotated with @Configuration.
2021-01-10 23:20:19.584  INFO 76271 --- [    Test worker] .b.t.c.SpringBootTestContextBootstrapper : Found @SpringBootConfiguration com.kcl.example.springboot.Application for test class com.kcl.example.springboot.web.HelloControllerTest
2021-01-10 23:20:19.584  INFO 76271 --- [    Test worker] .b.t.a.w.s.WebMvcTestContextBootstrapper : Loaded default TestExecutionListener class names from location [META-INF/spring.factories]: [org.springframework.security.test.context.support.WithSecurityContextTestExecutionListener, org.springframework.security.test.context.support.ReactorContextTestExecutionListener, org.springframework.boot.test.autoconfigure.restdocs.RestDocsTestExecutionListener, org.springframework.boot.test.autoconfigure.web.client.MockRestServiceServerResetTestExecutionListener, org.springframework.boot.test.autoconfigure.web.servlet.MockMvcPrintOnlyOnFailureTestExecutionListener, org.springframework.boot.test.autoconfigure.web.servlet.WebDriverTestExecutionListener, org.springframework.boot.test.mock.mockito.MockitoTestExecutionListener, org.springframework.boot.test.mock.mockito.ResetMocksTestExecutionListener, org.springframework.test.context.web.ServletTestExecutionListener, org.springframework.test.context.support.DirtiesContextBeforeModesTestExecutionListener, org.springframework.test.context.support.DependencyInjectionTestExecutionListener, org.springframework.test.context.support.DirtiesContextTestExecutionListener, org.springframework.test.context.transaction.TransactionalTestExecutionListener, org.springframework.test.context.jdbc.SqlScriptsTestExecutionListener]
2021-01-10 23:20:19.585  INFO 76271 --- [    Test worker] .b.t.a.w.s.WebMvcTestContextBootstrapper : Using TestExecutionListeners: [org.springframework.test.context.web.ServletTestExecutionListener@569442b5, org.springframework.test.context.support.DirtiesContextBeforeModesTestExecutionListener@3b81c1dd, org.springframework.boot.test.mock.mockito.MockitoTestExecutionListener@596ca1a, org.springframework.boot.test.autoconfigure.SpringBootDependencyInjectionTestExecutionListener@40a3e073, org.springframework.test.context.support.DirtiesContextTestExecutionListener@34d69338, org.springframework.test.context.transaction.TransactionalTestExecutionListener@1ec3356, org.springframework.test.context.jdbc.SqlScriptsTestExecutionListener@3219ff6b, org.springframework.security.test.context.support.WithSecurityContextTestExecutionListener@6d663123, org.springframework.security.test.context.support.ReactorContextTestExecutionListener@6da920e4, org.springframework.boot.test.autoconfigure.restdocs.RestDocsTestExecutionListener@d3fc884, org.springframework.boot.test.autoconfigure.web.client.MockRestServiceServerResetTestExecutionListener@70a08cef, org.springframework.boot.test.autoconfigure.web.servlet.MockMvcPrintOnlyOnFailureTestExecutionListener@2c1344f1, org.springframework.boot.test.autoconfigure.web.servlet.WebDriverTestExecutionListener@819ef97, org.springframework.boot.test.mock.mockito.ResetMocksTestExecutionListener@7b916df8]

  .   ____          _            __ _ _
 /\\ / ___'_ __ _ _(_)_ __  __ _ \ \ \ \
( ( )\___ | '_ | '_| | '_ \/ _` | \ \ \ \
 \\/  ___)| |_)| | | | | || (_| |  ) ) ) )
  '  |____| .__|_| |_|_| |_\__, | / / / /
 =========|_|==============|___/=/_/_/_/
 :: Spring Boot ::        (v2.1.7.RELEASE)

2021-01-10 23:20:19.655  INFO 76271 --- [    Test worker] c.k.e.s.web.HelloControllerTest          : Starting HelloControllerTest on YoungWoo-MacBookPro.local with PID 76271 (started by leeyw in /Users/leeyw/IdeaProjects/kcl-example)
2021-01-10 23:20:19.657  INFO 76271 --- [    Test worker] c.k.e.s.web.HelloControllerTest          : No active profile set, falling back to default profiles: default
2021-01-10 23:20:20.064  INFO 76271 --- [    Test worker] o.s.s.concurrent.ThreadPoolTaskExecutor  : Initializing ExecutorService 'applicationTaskExecutor'
2021-01-10 23:20:20.094  INFO 76271 --- [    Test worker] o.s.b.a.w.s.WelcomePageHandlerMapping    : Adding welcome page template: index
2021-01-10 23:20:20.289  INFO 76271 --- [    Test worker] .s.s.UserDetailsServiceAutoConfiguration : 

Using generated security password: 62cd96ad-e8cf-45b5-88e0-5a2909110969

2021-01-10 23:20:20.421  INFO 76271 --- [    Test worker] o.s.s.web.DefaultSecurityFilterChain     : Creating filter chain: any request, [org.springframework.security.web.context.request.async.WebAsyncManagerIntegrationFilter@4d351da0, org.springframework.security.web.context.SecurityContextPersistenceFilter@6685b2a4, org.springframework.security.web.header.HeaderWriterFilter@2ef044db, org.springframework.security.web.csrf.CsrfFilter@6e8aa83b, org.springframework.security.web.authentication.logout.LogoutFilter@4dfda8d6, org.springframework.security.web.authentication.UsernamePasswordAuthenticationFilter@959b99f, org.springframework.security.web.authentication.ui.DefaultLoginPageGeneratingFilter@78362dfd, org.springframework.security.web.authentication.ui.DefaultLogoutPageGeneratingFilter@2810660e, org.springframework.security.web.authentication.www.BasicAuthenticationFilter@2a00bb2e, org.springframework.security.web.savedrequest.RequestCacheAwareFilter@460c2af1, org.springframework.security.web.servletapi.SecurityContextHolderAwareRequestFilter@6af67877, org.springframework.security.web.authentication.AnonymousAuthenticationFilter@76661e9, org.springframework.security.web.session.SessionManagementFilter@1580ea4e, org.springframework.security.web.access.ExceptionTranslationFilter@23c07d38, org.springframework.security.web.access.intercept.FilterSecurityInterceptor@643317fd]
2021-01-10 23:20:20.439  INFO 76271 --- [    Test worker] o.s.b.t.m.w.SpringBootMockServletContext : Initializing Spring TestDispatcherServlet ''
2021-01-10 23:20:20.440  INFO 76271 --- [    Test worker] o.s.t.web.servlet.TestDispatcherServlet  : Initializing Servlet ''
2021-01-10 23:20:20.443  INFO 76271 --- [    Test worker] o.s.t.web.servlet.TestDispatcherServlet  : Completed initialization in 3 ms
2021-01-10 23:20:20.474  INFO 76271 --- [    Test worker] c.k.e.s.web.HelloControllerTest          : Started HelloControllerTest in 0.881 seconds (JVM running for 8.848)
]]></system-out>
  <system-err><![CDATA[]]></system-err>
</testsuite>
