<?xml version="1.0" encoding="UTF-8"?>
<testsuite name="com.kcl.example.springboot.web.IndexControllerTest" tests="1" skipped="0" failures="0" errors="0" timestamp="2021-01-10T14:20:19" hostname="YoungWoo-MacBookPro.local" time="0.437">
  <properties/>
  <testcase name="메인페이지_로딩" classname="com.kcl.example.springboot.web.IndexControllerTest" time="0.437"/>
  <system-out><![CDATA[23:20:12.104 [Test worker] DEBUG org.springframework.test.context.junit4.SpringJUnit4ClassRunner - SpringJUnit4ClassRunner constructor called with [class com.kcl.example.springboot.web.IndexControllerTest]
23:20:12.111 [Test worker] DEBUG org.springframework.test.context.BootstrapUtils - Instantiating CacheAwareContextLoaderDelegate from class [org.springframework.test.context.cache.DefaultCacheAwareContextLoaderDelegate]
23:20:12.118 [Test worker] DEBUG org.springframework.test.context.BootstrapUtils - Instantiating BootstrapContext using constructor [public org.springframework.test.context.support.DefaultBootstrapContext(java.lang.Class,org.springframework.test.context.CacheAwareContextLoaderDelegate)]
23:20:12.134 [Test worker] DEBUG org.springframework.test.context.BootstrapUtils - Instantiating TestContextBootstrapper for test class [com.kcl.example.springboot.web.IndexControllerTest] from class [org.springframework.boot.test.context.SpringBootTestContextBootstrapper]
23:20:12.144 [Test worker] INFO org.springframework.boot.test.context.SpringBootTestContextBootstrapper - Neither @ContextConfiguration nor @ContextHierarchy found for test class [com.kcl.example.springboot.web.IndexControllerTest], using SpringBootContextLoader
23:20:12.146 [Test worker] DEBUG org.springframework.test.context.support.AbstractContextLoader - Did not detect default resource location for test class [com.kcl.example.springboot.web.IndexControllerTest]: class path resource [com/kcl/example/springboot/web/IndexControllerTest-context.xml] does not exist
23:20:12.147 [Test worker] DEBUG org.springframework.test.context.support.AbstractContextLoader - Did not detect default resource location for test class [com.kcl.example.springboot.web.IndexControllerTest]: class path resource [com/kcl/example/springboot/web/IndexControllerTestContext.groovy] does not exist
23:20:12.147 [Test worker] INFO org.springframework.test.context.support.AbstractContextLoader - Could not detect default resource locations for test class [com.kcl.example.springboot.web.IndexControllerTest]: no resource found for suffixes {-context.xml, Context.groovy}.
23:20:12.147 [Test worker] INFO org.springframework.test.context.support.AnnotationConfigContextLoaderUtils - Could not detect default configuration classes for test class [com.kcl.example.springboot.web.IndexControllerTest]: IndexControllerTest does not declare any static, non-private, non-final, nested classes annotated with @Configuration.
23:20:12.181 [Test worker] DEBUG org.springframework.test.context.support.ActiveProfilesUtils - Could not find an 'annotation declaring class' for annotation type [org.springframework.test.context.ActiveProfiles] and class [com.kcl.example.springboot.web.IndexControllerTest]
23:20:12.272 [Test worker] DEBUG org.springframework.context.annotation.ClassPathScanningCandidateComponentProvider - Identified candidate component class: file [/Users/leeyw/IdeaProjects/kcl-example/build/classes/java/test/com/kcl/example/springboot/Application.class]
23:20:12.275 [Test worker] DEBUG org.springframework.context.annotation.ClassPathScanningCandidateComponentProvider - Identified candidate component class: file [/Users/leeyw/IdeaProjects/kcl-example/build/classes/java/main/com/kcl/example/springboot/Application.class]
23:20:12.275 [Test worker] INFO org.springframework.boot.test.context.SpringBootTestContextBootstrapper - Found @SpringBootConfiguration com.kcl.example.springboot.Application for test class com.kcl.example.springboot.web.IndexControllerTest
23:20:12.365 [Test worker] DEBUG org.springframework.boot.test.context.SpringBootTestContextBootstrapper - @TestExecutionListeners is not present for class [com.kcl.example.springboot.web.IndexControllerTest]: using defaults.
23:20:12.366 [Test worker] INFO org.springframework.boot.test.context.SpringBootTestContextBootstrapper - Loaded default TestExecutionListener class names from location [META-INF/spring.factories]: [org.springframework.security.test.context.support.WithSecurityContextTestExecutionListener, org.springframework.security.test.context.support.ReactorContextTestExecutionListener, org.springframework.boot.test.autoconfigure.restdocs.RestDocsTestExecutionListener, org.springframework.boot.test.autoconfigure.web.client.MockRestServiceServerResetTestExecutionListener, org.springframework.boot.test.autoconfigure.web.servlet.MockMvcPrintOnlyOnFailureTestExecutionListener, org.springframework.boot.test.autoconfigure.web.servlet.WebDriverTestExecutionListener, org.springframework.boot.test.mock.mockito.MockitoTestExecutionListener, org.springframework.boot.test.mock.mockito.ResetMocksTestExecutionListener, org.springframework.test.context.web.ServletTestExecutionListener, org.springframework.test.context.support.DirtiesContextBeforeModesTestExecutionListener, org.springframework.test.context.support.DependencyInjectionTestExecutionListener, org.springframework.test.context.support.DirtiesContextTestExecutionListener, org.springframework.test.context.transaction.TransactionalTestExecutionListener, org.springframework.test.context.jdbc.SqlScriptsTestExecutionListener]
23:20:12.392 [Test worker] INFO org.springframework.boot.test.context.SpringBootTestContextBootstrapper - Using TestExecutionListeners: [org.springframework.test.context.web.ServletTestExecutionListener@5e5e7c7b, org.springframework.test.context.support.DirtiesContextBeforeModesTestExecutionListener@5a7d346e, org.springframework.boot.test.mock.mockito.MockitoTestExecutionListener@4a56aa13, org.springframework.boot.test.autoconfigure.SpringBootDependencyInjectionTestExecutionListener@3b6a5737, org.springframework.test.context.support.DirtiesContextTestExecutionListener@167a4985, org.springframework.test.context.transaction.TransactionalTestExecutionListener@2517c160, org.springframework.test.context.jdbc.SqlScriptsTestExecutionListener@5a6ef1e3, org.springframework.security.test.context.support.WithSecurityContextTestExecutionListener@33d4c676, org.springframework.security.test.context.support.ReactorContextTestExecutionListener@77a697e8, org.springframework.boot.test.autoconfigure.restdocs.RestDocsTestExecutionListener@6c2144bd, org.springframework.boot.test.autoconfigure.web.client.MockRestServiceServerResetTestExecutionListener@41ed5133, org.springframework.boot.test.autoconfigure.web.servlet.MockMvcPrintOnlyOnFailureTestExecutionListener@549fd80e, org.springframework.boot.test.autoconfigure.web.servlet.WebDriverTestExecutionListener@17c51ca2, org.springframework.boot.test.mock.mockito.ResetMocksTestExecutionListener@7127b64b]
23:20:12.394 [Test worker] DEBUG org.springframework.test.annotation.ProfileValueUtils - Retrieved @ProfileValueSourceConfiguration [null] for test class [com.kcl.example.springboot.web.IndexControllerTest]
23:20:12.395 [Test worker] DEBUG org.springframework.test.annotation.ProfileValueUtils - Retrieved ProfileValueSource type [class org.springframework.test.annotation.SystemProfileValueSource] for class [com.kcl.example.springboot.web.IndexControllerTest]
23:20:12.395 [Test worker] DEBUG org.springframework.test.annotation.ProfileValueUtils - Retrieved @ProfileValueSourceConfiguration [null] for test class [com.kcl.example.springboot.web.IndexControllerTest]
23:20:12.395 [Test worker] DEBUG org.springframework.test.annotation.ProfileValueUtils - Retrieved ProfileValueSource type [class org.springframework.test.annotation.SystemProfileValueSource] for class [com.kcl.example.springboot.web.IndexControllerTest]
23:20:12.399 [Test worker] DEBUG org.springframework.test.context.support.AbstractDirtiesContextTestExecutionListener - Before test class: context [DefaultTestContext@6c6fbe04 testClass = IndexControllerTest, testInstance = [null], testMethod = [null], testException = [null], mergedContextConfiguration = [WebMergedContextConfiguration@20a495ad testClass = IndexControllerTest, locations = '{}', classes = '{class com.kcl.example.springboot.Application}', contextInitializerClasses = '[]', activeProfiles = '{}', propertySourceLocations = '{}', propertySourceProperties = '{org.springframework.boot.test.context.SpringBootTestContextBootstrapper=true, server.port=0}', contextCustomizers = set[org.springframework.boot.test.autoconfigure.properties.PropertyMappingContextCustomizer@0, org.springframework.boot.test.autoconfigure.web.servlet.WebDriverContextCustomizerFactory$Customizer@325ec17c, org.springframework.boot.test.context.filter.ExcludeFilterContextCustomizer@7f44a6f6, org.springframework.boot.test.json.DuplicateJsonObjectContextCustomizerFactory$DuplicateJsonObjectContextCustomizer@3bbb1f97, org.springframework.boot.test.mock.mockito.MockitoContextCustomizer@0, org.springframework.boot.test.web.client.TestRestTemplateContextCustomizer@5aad4138], resourceBasePath = 'src/main/webapp', contextLoader = 'org.springframework.boot.test.context.SpringBootContextLoader', parent = [null]], attributes = map['org.springframework.test.context.web.ServletTestExecutionListener.activateListener' -> false]], class annotated with @DirtiesContext [false] with mode [null].
23:20:12.399 [Test worker] DEBUG org.springframework.test.annotation.ProfileValueUtils - Retrieved @ProfileValueSourceConfiguration [null] for test class [com.kcl.example.springboot.web.IndexControllerTest]
23:20:12.400 [Test worker] DEBUG org.springframework.test.annotation.ProfileValueUtils - Retrieved ProfileValueSource type [class org.springframework.test.annotation.SystemProfileValueSource] for class [com.kcl.example.springboot.web.IndexControllerTest]
23:20:12.403 [Test worker] DEBUG org.springframework.test.context.support.DependencyInjectionTestExecutionListener - Performing dependency injection for test context [[DefaultTestContext@6c6fbe04 testClass = IndexControllerTest, testInstance = com.kcl.example.springboot.web.IndexControllerTest@78242051, testMethod = [null], testException = [null], mergedContextConfiguration = [WebMergedContextConfiguration@20a495ad testClass = IndexControllerTest, locations = '{}', classes = '{class com.kcl.example.springboot.Application}', contextInitializerClasses = '[]', activeProfiles = '{}', propertySourceLocations = '{}', propertySourceProperties = '{org.springframework.boot.test.context.SpringBootTestContextBootstrapper=true, server.port=0}', contextCustomizers = set[org.springframework.boot.test.autoconfigure.properties.PropertyMappingContextCustomizer@0, org.springframework.boot.test.autoconfigure.web.servlet.WebDriverContextCustomizerFactory$Customizer@325ec17c, org.springframework.boot.test.context.filter.ExcludeFilterContextCustomizer@7f44a6f6, org.springframework.boot.test.json.DuplicateJsonObjectContextCustomizerFactory$DuplicateJsonObjectContextCustomizer@3bbb1f97, org.springframework.boot.test.mock.mockito.MockitoContextCustomizer@0, org.springframework.boot.test.web.client.TestRestTemplateContextCustomizer@5aad4138], resourceBasePath = 'src/main/webapp', contextLoader = 'org.springframework.boot.test.context.SpringBootContextLoader', parent = [null]], attributes = map['org.springframework.test.context.web.ServletTestExecutionListener.activateListener' -> false]]].
23:20:12.419 [Test worker] DEBUG org.springframework.test.context.support.TestPropertySourceUtils - Adding inlined properties to environment: {spring.jmx.enabled=false, org.springframework.boot.test.context.SpringBootTestContextBootstrapper=true, server.port=0}

  .   ____          _            __ _ _
 /\\ / ___'_ __ _ _(_)_ __  __ _ \ \ \ \
( ( )\___ | '_ | '_| | '_ \/ _` | \ \ \ \
 \\/  ___)| |_)| | | | | || (_| |  ) ) ) )
  '  |____| .__|_| |_|_| |_\__, | / / / /
 =========|_|==============|___/=/_/_/_/
 :: Spring Boot ::        (v2.1.7.RELEASE)

2021-01-10 23:20:12.612  INFO 76271 --- [    Test worker] c.k.e.s.web.IndexControllerTest          : Starting IndexControllerTest on YoungWoo-MacBookPro.local with PID 76271 (started by leeyw in /Users/leeyw/IdeaProjects/kcl-example)
2021-01-10 23:20:12.614  INFO 76271 --- [    Test worker] c.k.e.s.web.IndexControllerTest          : No active profile set, falling back to default profiles: default
2021-01-10 23:20:13.291  INFO 76271 --- [    Test worker] .s.d.r.c.RepositoryConfigurationDelegate : Bootstrapping Spring Data repositories in DEFAULT mode.
2021-01-10 23:20:13.360  INFO 76271 --- [    Test worker] .s.d.r.c.RepositoryConfigurationDelegate : Finished Spring Data repository scanning in 58ms. Found 2 repository interfaces.
2021-01-10 23:20:13.803  INFO 76271 --- [    Test worker] trationDelegate$BeanPostProcessorChecker : Bean 'org.springframework.transaction.annotation.ProxyTransactionManagementConfiguration' of type [org.springframework.transaction.annotation.ProxyTransactionManagementConfiguration$$EnhancerBySpringCGLIB$$ca0d58e2] is not eligible for getting processed by all BeanPostProcessors (for example: not eligible for auto-proxying)
2021-01-10 23:20:14.208  INFO 76271 --- [    Test worker] o.s.b.w.embedded.tomcat.TomcatWebServer  : Tomcat initialized with port(s): 0 (http)
2021-01-10 23:20:14.239  INFO 76271 --- [    Test worker] o.apache.catalina.core.StandardService   : Starting service [Tomcat]
2021-01-10 23:20:14.239  INFO 76271 --- [    Test worker] org.apache.catalina.core.StandardEngine  : Starting Servlet engine: [Apache Tomcat/9.0.22]
2021-01-10 23:20:14.371  INFO 76271 --- [    Test worker] o.a.c.c.C.[Tomcat].[localhost].[/]       : Initializing Spring embedded WebApplicationContext
2021-01-10 23:20:14.372  INFO 76271 --- [    Test worker] o.s.web.context.ContextLoader            : Root WebApplicationContext: initialization completed in 1740 ms
2021-01-10 23:20:14.694  INFO 76271 --- [    Test worker] com.zaxxer.hikari.HikariDataSource       : HikariPool-1 - Starting...
2021-01-10 23:20:14.866  INFO 76271 --- [    Test worker] com.zaxxer.hikari.HikariDataSource       : HikariPool-1 - Start completed.
2021-01-10 23:20:14.996  INFO 76271 --- [    Test worker] o.hibernate.jpa.internal.util.LogHelper  : HHH000204: Processing PersistenceUnitInfo [
	name: default
	...]
2021-01-10 23:20:15.085  INFO 76271 --- [    Test worker] org.hibernate.Version                    : HHH000412: Hibernate Core {5.3.10.Final}
2021-01-10 23:20:15.087  INFO 76271 --- [    Test worker] org.hibernate.cfg.Environment            : HHH000206: hibernate.properties not found
2021-01-10 23:20:15.251  INFO 76271 --- [    Test worker] o.hibernate.annotations.common.Version   : HCANN000001: Hibernate Commons Annotations {5.0.4.Final}
2021-01-10 23:20:15.441  INFO 76271 --- [    Test worker] org.hibernate.dialect.Dialect            : HHH000400: Using dialect: org.hibernate.dialect.MySQL5InnoDBDialect
Hibernate: drop table if exists posts
Hibernate: drop table if exists user
Hibernate: create table posts (id bigint not null auto_increment, created_date datetime, modified_date datetime, author varchar(255), content TEXT not null, title varchar(500) not null, primary key (id)) engine=InnoDB
Hibernate: create table user (id bigint not null auto_increment, created_date datetime, modified_date datetime, email varchar(255) not null, name varchar(255) not null, picture varchar(255), role varchar(255) not null, primary key (id)) engine=InnoDB
2021-01-10 23:20:16.343  INFO 76271 --- [    Test worker] o.h.t.schema.internal.SchemaCreatorImpl  : HHH000476: Executing import script 'org.hibernate.tool.schema.internal.exec.ScriptSourceInputNonExistentImpl@3c53e761'
2021-01-10 23:20:16.348  INFO 76271 --- [    Test worker] j.LocalContainerEntityManagerFactoryBean : Initialized JPA EntityManagerFactory for persistence unit 'default'
2021-01-10 23:20:17.399  INFO 76271 --- [    Test worker] o.h.h.i.QueryTranslatorFactoryInitiator  : HHH000397: Using ASTQueryTranslatorFactory
2021-01-10 23:20:17.940  INFO 76271 --- [    Test worker] o.s.s.web.DefaultSecurityFilterChain     : Creating filter chain: any request, [org.springframework.security.web.context.request.async.WebAsyncManagerIntegrationFilter@3f8f3d25, org.springframework.security.web.context.SecurityContextPersistenceFilter@19c3d46b, org.springframework.security.web.header.HeaderWriterFilter@18c0250d, org.springframework.security.web.authentication.logout.LogoutFilter@5a66d33c, org.springframework.security.oauth2.client.web.OAuth2AuthorizationRequestRedirectFilter@66d329d3, org.springframework.security.oauth2.client.web.OAuth2LoginAuthenticationFilter@60a3b706, org.springframework.security.web.authentication.ui.DefaultLoginPageGeneratingFilter@6f0846b8, org.springframework.security.web.authentication.ui.DefaultLogoutPageGeneratingFilter@2a5277b1, org.springframework.security.web.savedrequest.RequestCacheAwareFilter@2c337635, org.springframework.security.web.servletapi.SecurityContextHolderAwareRequestFilter@7f71ef66, org.springframework.security.web.authentication.AnonymousAuthenticationFilter@557345a8, org.springframework.security.web.session.SessionManagementFilter@8b6d53a, org.springframework.security.web.access.ExceptionTranslationFilter@5dc6be07, org.springframework.security.web.access.intercept.FilterSecurityInterceptor@7ef85a33]
2021-01-10 23:20:18.475  INFO 76271 --- [    Test worker] o.s.s.concurrent.ThreadPoolTaskExecutor  : Initializing ExecutorService 'applicationTaskExecutor'
2021-01-10 23:20:18.544  WARN 76271 --- [    Test worker] aWebConfiguration$JpaWebMvcConfiguration : spring.jpa.open-in-view is enabled by default. Therefore, database queries may be performed during view rendering. Explicitly configure spring.jpa.open-in-view to disable this warning
2021-01-10 23:20:18.609  INFO 76271 --- [    Test worker] o.s.b.a.w.s.WelcomePageHandlerMapping    : Adding welcome page template: index
2021-01-10 23:20:19.053  INFO 76271 --- [    Test worker] s.a.ScheduledAnnotationBeanPostProcessor : No TaskScheduler/ScheduledExecutorService bean found for scheduled processing
2021-01-10 23:20:19.095  INFO 76271 --- [    Test worker] o.s.b.w.embedded.tomcat.TomcatWebServer  : Tomcat started on port(s): 60958 (http) with context path ''
2021-01-10 23:20:19.098  INFO 76271 --- [    Test worker] c.k.e.s.web.IndexControllerTest          : Started IndexControllerTest in 6.677 seconds (JVM running for 7.472)
2021-01-10 23:20:19.294  INFO 76271 --- [o-auto-1-exec-1] o.a.c.c.C.[Tomcat].[localhost].[/]       : Initializing Spring DispatcherServlet 'dispatcherServlet'
2021-01-10 23:20:19.294  INFO 76271 --- [o-auto-1-exec-1] o.s.web.servlet.DispatcherServlet        : Initializing Servlet 'dispatcherServlet'
2021-01-10 23:20:19.319  INFO 76271 --- [o-auto-1-exec-1] o.s.web.servlet.DispatcherServlet        : Completed initialization in 25 ms
Hibernate: select posts0_.id as id1_0_, posts0_.created_date as created_2_0_, posts0_.modified_date as modified3_0_, posts0_.author as author4_0_, posts0_.content as content5_0_, posts0_.title as title6_0_ from posts posts0_ order by posts0_.id DESC
]]></system-out>
  <system-err><![CDATA[]]></system-err>
</testsuite>
